<?xml version="1.0" encoding="UTF-8"?>
<testsuite xmlns:xsi="http://www.w3.org/2001/XMLSchema-instance" xsi:noNamespaceSchemaLocation="https://maven.apache.org/surefire/maven-surefire-plugin/xsd/surefire-test-report.xsd" name="TestSuite" time="48.531" tests="4" errors="0" skipped="0" failures="0">
  <properties>
    <property name="awt.toolkit" value="sun.awt.X11.XToolkit"/>
    <property name="file.encoding.pkg" value="sun.io"/>
    <property name="java.specification.version" value="1.8"/>
    <property name="sun.cpu.isalist" value=""/>
    <property name="sun.jnu.encoding" value="UTF-8"/>
    <property name="java.class.path" value="/home/jonathan/git/automation-poc/target/test-classes:/home/jonathan/git/automation-poc/target/classes:/home/jonathan/.m2/repository/log4j/log4j/1.2.17/log4j-1.2.17.jar:/home/jonathan/.m2/repository/org/seleniumhq/selenium/selenium-java/2.53.0/selenium-java-2.53.0.jar:/home/jonathan/.m2/repository/org/seleniumhq/selenium/selenium-chrome-driver/2.53.0/selenium-chrome-driver-2.53.0.jar:/home/jonathan/.m2/repository/org/seleniumhq/selenium/selenium-remote-driver/2.53.0/selenium-remote-driver-2.53.0.jar:/home/jonathan/.m2/repository/cglib/cglib-nodep/2.1_3/cglib-nodep-2.1_3.jar:/home/jonathan/.m2/repository/com/google/code/gson/gson/2.3.1/gson-2.3.1.jar:/home/jonathan/.m2/repository/org/seleniumhq/selenium/selenium-api/2.53.0/selenium-api-2.53.0.jar:/home/jonathan/.m2/repository/org/apache/httpcomponents/httpclient/4.5.1/httpclient-4.5.1.jar:/home/jonathan/.m2/repository/org/apache/httpcomponents/httpcore/4.4.3/httpcore-4.4.3.jar:/home/jonathan/.m2/repository/commons-logging/commons-logging/1.2/commons-logging-1.2.jar:/home/jonathan/.m2/repository/commons-codec/commons-codec/1.9/commons-codec-1.9.jar:/home/jonathan/.m2/repository/com/google/guava/guava/19.0/guava-19.0.jar:/home/jonathan/.m2/repository/org/seleniumhq/selenium/selenium-edge-driver/2.53.0/selenium-edge-driver-2.53.0.jar:/home/jonathan/.m2/repository/commons-io/commons-io/2.4/commons-io-2.4.jar:/home/jonathan/.m2/repository/org/apache/commons/commons-exec/1.3/commons-exec-1.3.jar:/home/jonathan/.m2/repository/org/seleniumhq/selenium/selenium-firefox-driver/2.53.0/selenium-firefox-driver-2.53.0.jar:/home/jonathan/.m2/repository/org/seleniumhq/selenium/selenium-ie-driver/2.53.0/selenium-ie-driver-2.53.0.jar:/home/jonathan/.m2/repository/net/java/dev/jna/jna/4.1.0/jna-4.1.0.jar:/home/jonathan/.m2/repository/net/java/dev/jna/jna-platform/4.1.0/jna-platform-4.1.0.jar:/home/jonathan/.m2/repository/org/seleniumhq/selenium/selenium-safari-driver/2.53.0/selenium-safari-driver-2.53.0.jar:/home/jonathan/.m2/repository/io/netty/netty/3.5.7.Final/netty-3.5.7.Final.jar:/home/jonathan/.m2/repository/org/seleniumhq/selenium/selenium-support/2.53.0/selenium-support-2.53.0.jar:/home/jonathan/.m2/repository/org/seleniumhq/selenium/selenium-leg-rc/2.53.0/selenium-leg-rc-2.53.0.jar:/home/jonathan/.m2/repository/org/testng/testng/6.9.8/testng-6.9.8.jar:/home/jonathan/.m2/repository/org/beanshell/bsh/2.0b4/bsh-2.0b4.jar:/home/jonathan/.m2/repository/com/beust/jcommander/1.48/jcommander-1.48.jar:/home/jonathan/.m2/repository/org/apache/maven/surefire/surefire-testng-utils/2.21.0/surefire-testng-utils-2.21.0.jar:/home/jonathan/.m2/repository/org/apache/maven/surefire/surefire-grouper/2.21.0/surefire-grouper-2.21.0.jar:"/>
    <property name="java.vm.vendor" value="Oracle Corporation"/>
    <property name="sun.arch.data.model" value="64"/>
    <property name="java.vendor.url" value="http://java.oracle.com/"/>
    <property name="user.timezone" value=""/>
    <property name="java.vm.specification.version" value="1.8"/>
    <property name="os.name" value="Linux"/>
    <property name="user.country" value="US"/>
    <property name="sun.java.launcher" value="SUN_STANDARD"/>
    <property name="sun.boot.library.path" value="/usr/lib/jvm/java-1.8.0-openjdk-1.8.0.161-0.b14.el7_4.x86_64/jre/lib/amd64"/>
    <property name="sun.java.command" value="/home/jonathan/git/automation-poc/target/surefire/surefirebooter7986485389140430009.jar /home/jonathan/git/automation-poc/target/surefire 2018-05-17T18-46-53_344-jvmRun1 surefire2027495696150282159tmp surefire_02205259179252799607tmp"/>
    <property name="surefire.test.class.path" value="/home/jonathan/git/automation-poc/target/test-classes:/home/jonathan/git/automation-poc/target/classes:/home/jonathan/.m2/repository/log4j/log4j/1.2.17/log4j-1.2.17.jar:/home/jonathan/.m2/repository/org/seleniumhq/selenium/selenium-java/2.53.0/selenium-java-2.53.0.jar:/home/jonathan/.m2/repository/org/seleniumhq/selenium/selenium-chrome-driver/2.53.0/selenium-chrome-driver-2.53.0.jar:/home/jonathan/.m2/repository/org/seleniumhq/selenium/selenium-remote-driver/2.53.0/selenium-remote-driver-2.53.0.jar:/home/jonathan/.m2/repository/cglib/cglib-nodep/2.1_3/cglib-nodep-2.1_3.jar:/home/jonathan/.m2/repository/com/google/code/gson/gson/2.3.1/gson-2.3.1.jar:/home/jonathan/.m2/repository/org/seleniumhq/selenium/selenium-api/2.53.0/selenium-api-2.53.0.jar:/home/jonathan/.m2/repository/org/apache/httpcomponents/httpclient/4.5.1/httpclient-4.5.1.jar:/home/jonathan/.m2/repository/org/apache/httpcomponents/httpcore/4.4.3/httpcore-4.4.3.jar:/home/jonathan/.m2/repository/commons-logging/commons-logging/1.2/commons-logging-1.2.jar:/home/jonathan/.m2/repository/commons-codec/commons-codec/1.9/commons-codec-1.9.jar:/home/jonathan/.m2/repository/com/google/guava/guava/19.0/guava-19.0.jar:/home/jonathan/.m2/repository/org/seleniumhq/selenium/selenium-edge-driver/2.53.0/selenium-edge-driver-2.53.0.jar:/home/jonathan/.m2/repository/commons-io/commons-io/2.4/commons-io-2.4.jar:/home/jonathan/.m2/repository/org/apache/commons/commons-exec/1.3/commons-exec-1.3.jar:/home/jonathan/.m2/repository/org/seleniumhq/selenium/selenium-firefox-driver/2.53.0/selenium-firefox-driver-2.53.0.jar:/home/jonathan/.m2/repository/org/seleniumhq/selenium/selenium-ie-driver/2.53.0/selenium-ie-driver-2.53.0.jar:/home/jonathan/.m2/repository/net/java/dev/jna/jna/4.1.0/jna-4.1.0.jar:/home/jonathan/.m2/repository/net/java/dev/jna/jna-platform/4.1.0/jna-platform-4.1.0.jar:/home/jonathan/.m2/repository/org/seleniumhq/selenium/selenium-safari-driver/2.53.0/selenium-safari-driver-2.53.0.jar:/home/jonathan/.m2/repository/io/netty/netty/3.5.7.Final/netty-3.5.7.Final.jar:/home/jonathan/.m2/repository/org/seleniumhq/selenium/selenium-support/2.53.0/selenium-support-2.53.0.jar:/home/jonathan/.m2/repository/org/seleniumhq/selenium/selenium-leg-rc/2.53.0/selenium-leg-rc-2.53.0.jar:/home/jonathan/.m2/repository/org/testng/testng/6.9.8/testng-6.9.8.jar:/home/jonathan/.m2/repository/org/beanshell/bsh/2.0b4/bsh-2.0b4.jar:/home/jonathan/.m2/repository/com/beust/jcommander/1.48/jcommander-1.48.jar:/home/jonathan/.m2/repository/org/apache/maven/surefire/surefire-testng-utils/2.21.0/surefire-testng-utils-2.21.0.jar:/home/jonathan/.m2/repository/org/apache/maven/surefire/surefire-grouper/2.21.0/surefire-grouper-2.21.0.jar:"/>
    <property name="sun.cpu.endian" value="little"/>
    <property name="user.home" value="/home/jonathan"/>
    <property name="user.language" value="en"/>
    <property name="java.specification.vendor" value="Oracle Corporation"/>
    <property name="java.home" value="/usr/lib/jvm/java-1.8.0-openjdk-1.8.0.161-0.b14.el7_4.x86_64/jre"/>
    <property name="basedir" value="/home/jonathan/git/automation-poc"/>
    <property name="file.separator" value="/"/>
    <property name="line.separator" value="&#10;"/>
    <property name="java.vm.specification.vendor" value="Oracle Corporation"/>
    <property name="java.specification.name" value="Java Platform API Specification"/>
    <property name="java.awt.graphicsenv" value="sun.awt.X11GraphicsEnvironment"/>
    <property name="surefire.real.class.path" value="/home/jonathan/git/automation-poc/target/surefire/surefirebooter7986485389140430009.jar"/>
    <property name="sun.boot.class.path" value="/usr/lib/jvm/java-1.8.0-openjdk-1.8.0.161-0.b14.el7_4.x86_64/jre/lib/resources.jar:/usr/lib/jvm/java-1.8.0-openjdk-1.8.0.161-0.b14.el7_4.x86_64/jre/lib/rt.jar:/usr/lib/jvm/java-1.8.0-openjdk-1.8.0.161-0.b14.el7_4.x86_64/jre/lib/sunrsasign.jar:/usr/lib/jvm/java-1.8.0-openjdk-1.8.0.161-0.b14.el7_4.x86_64/jre/lib/jsse.jar:/usr/lib/jvm/java-1.8.0-openjdk-1.8.0.161-0.b14.el7_4.x86_64/jre/lib/jce.jar:/usr/lib/jvm/java-1.8.0-openjdk-1.8.0.161-0.b14.el7_4.x86_64/jre/lib/charsets.jar:/usr/lib/jvm/java-1.8.0-openjdk-1.8.0.161-0.b14.el7_4.x86_64/jre/lib/jfr.jar:/usr/lib/jvm/java-1.8.0-openjdk-1.8.0.161-0.b14.el7_4.x86_64/jre/classes"/>
    <property name="sun.management.compiler" value="HotSpot 64-Bit Tiered Compilers"/>
    <property name="java.runtime.version" value="1.8.0_161-b14"/>
    <property name="user.name" value="jonathan"/>
    <property name="path.separator" value=":"/>
    <property name="os.version" value="3.10.0-693.17.1.el7.x86_64"/>
    <property name="java.endorsed.dirs" value="/usr/lib/jvm/java-1.8.0-openjdk-1.8.0.161-0.b14.el7_4.x86_64/jre/lib/endorsed"/>
    <property name="java.runtime.name" value="OpenJDK Runtime Environment"/>
    <property name="file.encoding" value="UTF-8"/>
    <property name="java.vm.name" value="OpenJDK 64-Bit Server VM"/>
    <property name="localRepository" value="/home/jonathan/.m2/repository"/>
    <property name="java.vendor.url.bug" value="http://bugreport.sun.com/bugreport/"/>
    <property name="java.io.tmpdir" value="/tmp"/>
    <property name="java.version" value="1.8.0_161"/>
    <property name="user.dir" value="/home/jonathan/git/automation-poc"/>
    <property name="os.arch" value="amd64"/>
    <property name="java.vm.specification.name" value="Java Virtual Machine Specification"/>
    <property name="java.awt.printerjob" value="sun.print.PSPrinterJob"/>
    <property name="sun.os.patch.level" value="unknown"/>
    <property name="java.library.path" value="/usr/java/packages/lib/amd64:/usr/lib64:/lib64:/lib:/usr/lib"/>
    <property name="java.vm.info" value="mixed mode"/>
    <property name="java.vendor" value="Oracle Corporation"/>
    <property name="java.vm.version" value="25.161-b14"/>
    <property name="java.ext.dirs" value="/usr/lib/jvm/java-1.8.0-openjdk-1.8.0.161-0.b14.el7_4.x86_64/jre/lib/ext:/usr/java/packages/lib/ext"/>
    <property name="sun.io.unicode.encoding" value="UnicodeLittle"/>
    <property name="java.class.version" value="52.0"/>
  </properties>
  <testcase name="testRDMFMgmtLookup" classname="RDMFZipLookup" time="12.41"/>
  <testcase name="testRDMFPropertyLookup" classname="RDMFZipLookup" time="11.587"/>
  <testcase name="testRDMFTownLookup" classname="RDMFZipLookup" time="11.987"/>
  <testcase name="testRDMFZipLookup" classname="RDMFZipLookup" time="10.862"/>
</testsuite>