<?xml version="1.0" encoding="UTF-8"?>
<!-- Generated by org.testng.reporters.JUnitReportReporter -->
<testsuite hostname="jon-computer.localdomain" name="RDMFZipLookup" tests="4" failures="0" timestamp="17 May 2018 22:47:42 GMT" time="46.845" errors="0">
  <testcase name="testRDMFPropertyLookup" time="11.589" classname="RDMFZipLookup"/>
  <testcase name="testRDMFMgmtLookup" time="12.408" classname="RDMFZipLookup"/>
  <testcase name="testRDMFZipLookup" time="10.862" classname="RDMFZipLookup"/>
  <testcase name="testRDMFTownLookup" time="11.986" classname="RDMFZipLookup"/>
</testsuite> <!-- RDMFZipLookup -->
